Copyright 1986-2022 Xilinx, Inc. All Rights Reserved.
---------------------------------------------------------------------------------------------------------------------------------------------------------------------------------------------------------------------
| Tool Version : Vivado v.2022.2 (win64) Build 3671981 Fri Oct 14 05:00:03 MDT 2022
| Date         : Mon Mar  6 12:21:05 2023
| Host         : DESKTOP-9B29274 running 64-bit major release  (build 9200)
| Command      : report_timing_summary -max_paths 10 -report_unconstrained -file Circuit2_timing_summary_routed.rpt -pb Circuit2_timing_summary_routed.pb -rpx Circuit2_timing_summary_routed.rpx -warn_on_violation
| Design       : Circuit2
| Device       : 7a35t-cpg236
| Speed File   : -1  PRODUCTION 1.23 2018-06-13
---------------------------------------------------------------------------------------------------------------------------------------------------------------------------------------------------------------------

Timing Summary Report

------------------------------------------------------------------------------------------------
| Timer Settings
| --------------
------------------------------------------------------------------------------------------------

  Enable Multi Corner Analysis               :  Yes
  Enable Pessimism Removal                   :  Yes
  Pessimism Removal Resolution               :  Nearest Common Node
  Enable Input Delay Default Clock           :  No
  Enable Preset / Clear Arcs                 :  No
  Disable Flight Delays                      :  No
  Ignore I/O Paths                           :  No
  Timing Early Launch at Borrowing Latches   :  No
  Borrow Time for Max Delay Exceptions       :  Yes
  Merge Timing Exceptions                    :  Yes

  Corner  Analyze    Analyze    
  Name    Max Paths  Min Paths  
  ------  ---------  ---------  
  Slow    Yes        Yes        
  Fast    Yes        Yes        


------------------------------------------------------------------------------------------------
| Report Methodology
| ------------------
------------------------------------------------------------------------------------------------

No report available as report_methodology has not been run prior. Run report_methodology on the current design for the summary of methodology violations.



check_timing report

Table of Contents
-----------------
1. checking no_clock (0)
2. checking constant_clock (0)
3. checking pulse_width_clock (0)
4. checking unconstrained_internal_endpoints (0)
5. checking no_input_delay (0)
6. checking no_output_delay (0)
7. checking multiple_clock (0)
8. checking generated_clocks (0)
9. checking loops (0)
10. checking partial_input_delay (0)
11. checking partial_output_delay (0)
12. checking latch_loops (0)

1. checking no_clock (0)
------------------------
 There are 0 register/latch pins with no clock.


2. checking constant_clock (0)
------------------------------
 There are 0 register/latch pins with constant_clock.


3. checking pulse_width_clock (0)
---------------------------------
 There are 0 register/latch pins which need pulse_width check


4. checking unconstrained_internal_endpoints (0)
------------------------------------------------
 There are 0 pins that are not constrained for maximum delay.

 There are 0 pins that are not constrained for maximum delay due to constant clock.


5. checking no_input_delay (0)
------------------------------
 There are 0 input ports with no input delay specified.

 There are 0 input ports with no input delay but user has a false path constraint.


6. checking no_output_delay (0)
-------------------------------
 There are 0 ports with no output delay specified.

 There are 0 ports with no output delay but user has a false path constraint

 There are 0 ports with no output delay but with a timing clock defined on it or propagating through it


7. checking multiple_clock (0)
------------------------------
 There are 0 register/latch pins with multiple clocks.


8. checking generated_clocks (0)
--------------------------------
 There are 0 generated clocks that are not connected to a clock source.


9. checking loops (0)
---------------------
 There are 0 combinational loops in the design.


10. checking partial_input_delay (0)
------------------------------------
 There are 0 input ports with partial input delay specified.


11. checking partial_output_delay (0)
-------------------------------------
 There are 0 ports with partial output delay specified.


12. checking latch_loops (0)
----------------------------
 There are 0 combinational latch loops in the design through latch input



------------------------------------------------------------------------------------------------
| Design Timing Summary
| ---------------------
------------------------------------------------------------------------------------------------

    WNS(ns)      TNS(ns)  TNS Failing Endpoints  TNS Total Endpoints      WHS(ns)      THS(ns)  THS Failing Endpoints  THS Total Endpoints     WPWS(ns)     TPWS(ns)  TPWS Failing Endpoints  TPWS Total Endpoints  
    -------      -------  ---------------------  -------------------      -------      -------  ---------------------  -------------------     --------     --------  ----------------------  --------------------  
        inf        0.000                      0                    3          inf        0.000                      0                    3           NA           NA                      NA                    NA  


There are no user specified timing constraints.


------------------------------------------------------------------------------------------------
| Clock Summary
| -------------
------------------------------------------------------------------------------------------------


------------------------------------------------------------------------------------------------
| Intra Clock Table
| -----------------
------------------------------------------------------------------------------------------------

Clock             WNS(ns)      TNS(ns)  TNS Failing Endpoints  TNS Total Endpoints      WHS(ns)      THS(ns)  THS Failing Endpoints  THS Total Endpoints     WPWS(ns)     TPWS(ns)  TPWS Failing Endpoints  TPWS Total Endpoints  
-----             -------      -------  ---------------------  -------------------      -------      -------  ---------------------  -------------------     --------     --------  ----------------------  --------------------  


------------------------------------------------------------------------------------------------
| Inter Clock Table
| -----------------
------------------------------------------------------------------------------------------------

From Clock    To Clock          WNS(ns)      TNS(ns)  TNS Failing Endpoints  TNS Total Endpoints      WHS(ns)      THS(ns)  THS Failing Endpoints  THS Total Endpoints  
----------    --------          -------      -------  ---------------------  -------------------      -------      -------  ---------------------  -------------------  


------------------------------------------------------------------------------------------------
| Other Path Groups Table
| -----------------------
------------------------------------------------------------------------------------------------

Path Group    From Clock    To Clock          WNS(ns)      TNS(ns)  TNS Failing Endpoints  TNS Total Endpoints      WHS(ns)      THS(ns)  THS Failing Endpoints  THS Total Endpoints  
----------    ----------    --------          -------      -------  ---------------------  -------------------      -------      -------  ---------------------  -------------------  


------------------------------------------------------------------------------------------------
| User Ignored Path Table
| -----------------------
------------------------------------------------------------------------------------------------

Path Group    From Clock    To Clock    
----------    ----------    --------    


------------------------------------------------------------------------------------------------
| Unconstrained Path Table
| ------------------------
------------------------------------------------------------------------------------------------

Path Group    From Clock    To Clock    
----------    ----------    --------    
(none)                                    


------------------------------------------------------------------------------------------------
| Timing Details
| --------------
------------------------------------------------------------------------------------------------


--------------------------------------------------------------------------------------
Path Group:  (none)
From Clock:  
  To Clock:  

Max Delay             3 Endpoints
Min Delay             3 Endpoints
--------------------------------------------------------------------------------------


Max Delay Paths
--------------------------------------------------------------------------------------
Slack:                    inf
  Source:                 B
                            (input port)
  Destination:            Y
                            (output port)
  Path Group:             (none)
  Path Type:              Max at Slow Process Corner
  Data Path Delay:        9.247ns  (logic 5.115ns (55.318%)  route 4.132ns (44.682%))
  Logic Levels:           3  (IBUF=1 LUT3=1 OBUF=1)

    Location             Delay type                Incr(ns)  Path(ns)    Netlist Resource(s)
  -------------------------------------------------------------------    -------------------
    V16                                               0.000     0.000 r  B (IN)
                         net (fo=0)                   0.000     0.000    B
    V16                  IBUF (Prop_ibuf_I_O)         1.461     1.461 r  B_IBUF_inst/O
                         net (fo=3, routed)           1.554     3.015    B_IBUF
    SLICE_X0Y11          LUT3 (Prop_lut3_I0_O)        0.124     3.139 r  Y_OBUF_inst_i_1/O
                         net (fo=1, routed)           2.577     5.717    Y_OBUF
    E19                  OBUF (Prop_obuf_I_O)         3.530     9.247 r  Y_OBUF_inst/O
                         net (fo=0)                   0.000     9.247    Y
    E19                                                               r  Y (OUT)
  -------------------------------------------------------------------    -------------------

Slack:                    inf
  Source:                 B
                            (input port)
  Destination:            R
                            (output port)
  Path Group:             (none)
  Path Type:              Max at Slow Process Corner
  Data Path Delay:        8.791ns  (logic 5.320ns (60.517%)  route 3.471ns (39.483%))
  Logic Levels:           3  (IBUF=1 LUT3=1 OBUF=1)

    Location             Delay type                Incr(ns)  Path(ns)    Netlist Resource(s)
  -------------------------------------------------------------------    -------------------
    V16                                               0.000     0.000 f  B (IN)
                         net (fo=0)                   0.000     0.000    B
    V16                  IBUF (Prop_ibuf_I_O)         1.461     1.461 f  B_IBUF_inst/O
                         net (fo=3, routed)           1.554     3.015    B_IBUF
    SLICE_X0Y11          LUT3 (Prop_lut3_I0_O)        0.152     3.167 r  R_OBUF_inst_i_1/O
                         net (fo=1, routed)           1.917     5.084    R_OBUF
    U16                  OBUF (Prop_obuf_I_O)         3.707     8.791 r  R_OBUF_inst/O
                         net (fo=0)                   0.000     8.791    R
    U16                                                               r  R (OUT)
  -------------------------------------------------------------------    -------------------

Slack:                    inf
  Source:                 B
                            (input port)
  Destination:            G
                            (output port)
  Path Group:             (none)
  Path Type:              Max at Slow Process Corner
  Data Path Delay:        8.144ns  (logic 5.086ns (62.451%)  route 3.058ns (37.549%))
  Logic Levels:           3  (IBUF=1 LUT3=1 OBUF=1)

    Location             Delay type                Incr(ns)  Path(ns)    Netlist Resource(s)
  -------------------------------------------------------------------    -------------------
    V16                                               0.000     0.000 r  B (IN)
                         net (fo=0)                   0.000     0.000    B
    V16                  IBUF (Prop_ibuf_I_O)         1.461     1.461 r  B_IBUF_inst/O
                         net (fo=3, routed)           1.141     2.603    B_IBUF
    SLICE_X0Y11          LUT3 (Prop_lut3_I0_O)        0.124     2.727 r  G_OBUF_inst_i_1/O
                         net (fo=1, routed)           1.917     4.643    G_OBUF
    U19                  OBUF (Prop_obuf_I_O)         3.501     8.144 r  G_OBUF_inst/O
                         net (fo=0)                   0.000     8.144    G
    U19                                                               r  G (OUT)
  -------------------------------------------------------------------    -------------------





Min Delay Paths
--------------------------------------------------------------------------------------
Slack:                    inf
  Source:                 A
                            (input port)
  Destination:            G
                            (output port)
  Path Group:             (none)
  Path Type:              Min at Fast Process Corner
  Data Path Delay:        2.307ns  (logic 1.468ns (63.626%)  route 0.839ns (36.374%))
  Logic Levels:           3  (IBUF=1 LUT3=1 OBUF=1)

    Location             Delay type                Incr(ns)  Path(ns)    Netlist Resource(s)
  -------------------------------------------------------------------    -------------------
    V17                                               0.000     0.000 r  A (IN)
                         net (fo=0)                   0.000     0.000    A
    V17                  IBUF (Prop_ibuf_I_O)         0.221     0.221 r  A_IBUF_inst/O
                         net (fo=3, routed)           0.409     0.630    A_IBUF
    SLICE_X0Y11          LUT3 (Prop_lut3_I2_O)        0.045     0.675 r  G_OBUF_inst_i_1/O
                         net (fo=1, routed)           0.431     1.105    G_OBUF
    U19                  OBUF (Prop_obuf_I_O)         1.202     2.307 r  G_OBUF_inst/O
                         net (fo=0)                   0.000     2.307    G
    U19                                                               r  G (OUT)
  -------------------------------------------------------------------    -------------------

Slack:                    inf
  Source:                 A
                            (input port)
  Destination:            R
                            (output port)
  Path Group:             (none)
  Path Type:              Min at Fast Process Corner
  Data Path Delay:        2.326ns  (logic 1.537ns (66.069%)  route 0.789ns (33.931%))
  Logic Levels:           3  (IBUF=1 LUT3=1 OBUF=1)

    Location             Delay type                Incr(ns)  Path(ns)    Netlist Resource(s)
  -------------------------------------------------------------------    -------------------
    V17                                               0.000     0.000 f  A (IN)
                         net (fo=0)                   0.000     0.000    A
    V17                  IBUF (Prop_ibuf_I_O)         0.221     0.221 f  A_IBUF_inst/O
                         net (fo=3, routed)           0.347     0.568    A_IBUF
    SLICE_X0Y11          LUT3 (Prop_lut3_I1_O)        0.048     0.616 r  R_OBUF_inst_i_1/O
                         net (fo=1, routed)           0.442     1.058    R_OBUF
    U16                  OBUF (Prop_obuf_I_O)         1.268     2.326 r  R_OBUF_inst/O
                         net (fo=0)                   0.000     2.326    R
    U16                                                               r  R (OUT)
  -------------------------------------------------------------------    -------------------

Slack:                    inf
  Source:                 A
                            (input port)
  Destination:            Y
                            (output port)
  Path Group:             (none)
  Path Type:              Min at Fast Process Corner
  Data Path Delay:        2.541ns  (logic 1.497ns (58.888%)  route 1.045ns (41.112%))
  Logic Levels:           3  (IBUF=1 LUT3=1 OBUF=1)

    Location             Delay type                Incr(ns)  Path(ns)    Netlist Resource(s)
  -------------------------------------------------------------------    -------------------
    V17                                               0.000     0.000 r  A (IN)
                         net (fo=0)                   0.000     0.000    A
    V17                  IBUF (Prop_ibuf_I_O)         0.221     0.221 r  A_IBUF_inst/O
                         net (fo=3, routed)           0.347     0.568    A_IBUF
    SLICE_X0Y11          LUT3 (Prop_lut3_I2_O)        0.045     0.613 r  Y_OBUF_inst_i_1/O
                         net (fo=1, routed)           0.697     1.311    Y_OBUF
    E19                  OBUF (Prop_obuf_I_O)         1.231     2.541 r  Y_OBUF_inst/O
                         net (fo=0)                   0.000     2.541    Y
    E19                                                               r  Y (OUT)
  -------------------------------------------------------------------    -------------------





